C:\Program Files (x86)\MSBuild\Microsoft.Cpp\v4.0\V140\Microsoft.CppClean.targets(76,5): warning : 文件“e:\code\ghostware_core\ghostware\release\dllmain.obj”正由另一进程使用，因此该进程无法访问此文件。
  AntiAntiAim.cpp
  Autowall.cpp
  Chams.cpp
  Controls.cpp
  CRC32.cpp
  DLLMain.cpp
  Dumping.cpp
  ESP.cpp
  GUI.cpp
  Hacks.cpp
  Hooks.cpp
  ReflectiveLoader.cpp
  Interfaces.cpp
  LegitBot.cpp
  MathFunctions.cpp
  Menu.cpp
  MetaInfo.cpp
  MiscHacks.cpp
  NetVars.cpp
  Offsets.cpp
  正在编译...
  RageBot.cpp
  RenderManager.cpp
  tinyxml2.cpp
  UTIL Functions.cpp
  Utilities.cpp
  Visual.cpp
  Window.cpp
    正在创建库 E:\Code\GhostWare_Core\GhostWare\Release\GhostWare.lib 和对象 E:\Code\GhostWare_Core\GhostWare\Release\GhostWare.exp
  正在生成代码
  All 1646 functions were compiled because no usable IPDB/IOBJ from previous compilation was found.
  已完成代码的生成
  AYYWARE CSGO.vcxproj -> E:\Code\GhostWare_Core\GhostWare\Release\GhostWare.dll
  AYYWARE CSGO.vcxproj -> E:\Code\GhostWare_Core\GhostWare\Release\GhostWare.pdb (Full PDB)
