e:\code\ghostware_core\ghostware\release\apocalypse.lib
e:\code\ghostware_core\ghostware\release\apocalypse.exp
e:\code\ghostware_core\ghostware\ayyware csgo\release\autowall.obj
e:\code\ghostware_core\ghostware\ayyware csgo\release\crc32.obj
e:\code\ghostware_core\ghostware\ayyware csgo\release\gui.obj
e:\code\ghostware_core\ghostware\ayyware csgo\release\interfaces.obj
e:\code\ghostware_core\ghostware\ayyware csgo\release\metainfo.obj
e:\code\ghostware_core\ghostware\ayyware csgo\release\netvars.obj
e:\code\ghostware_core\ghostware\ayyware csgo\release\rendermanager.obj
e:\code\ghostware_core\ghostware\ayyware csgo\release\utilities.obj
e:\code\ghostware_core\ghostware\ayyware csgo\release\chams.obj
e:\code\ghostware_core\ghostware\ayyware csgo\release\dllmain.obj
e:\code\ghostware_core\ghostware\ayyware csgo\release\hooks.obj
e:\code\ghostware_core\ghostware\ayyware csgo\release\mathfunctions.obj
e:\code\ghostware_core\ghostware\ayyware csgo\release\netvarmanager.obj
e:\code\ghostware_core\ghostware\ayyware csgo\release\resolver.obj
e:\code\ghostware_core\ghostware\ayyware csgo\release\visual.obj
e:\code\ghostware_core\ghostware\ayyware csgo\release\controls.obj
e:\code\ghostware_core\ghostware\ayyware csgo\release\esp.obj
e:\code\ghostware_core\ghostware\ayyware csgo\release\reflectiveloader.obj
e:\code\ghostware_core\ghostware\ayyware csgo\release\legitbot.obj
e:\code\ghostware_core\ghostware\ayyware csgo\release\mischacks.obj
e:\code\ghostware_core\ghostware\ayyware csgo\release\ragebot.obj
e:\code\ghostware_core\ghostware\ayyware csgo\release\tinyxml2.obj
e:\code\ghostware_core\ghostware\ayyware csgo\release\util functions.obj
e:\code\ghostware_core\ghostware\ayyware csgo\release\antiantiaim.obj
e:\code\ghostware_core\ghostware\ayyware csgo\release\dumping.obj
e:\code\ghostware_core\ghostware\ayyware csgo\release\hacks.obj
e:\code\ghostware_core\ghostware\ayyware csgo\release\menu.obj
e:\code\ghostware_core\ghostware\ayyware csgo\release\nosmoke.obj
e:\code\ghostware_core\ghostware\ayyware csgo\release\offsets.obj
e:\code\ghostware_core\ghostware\ayyware csgo\release\rsp_s2dex.obj
e:\code\ghostware_core\ghostware\ayyware csgo\release\spoofedconvar.obj
e:\code\ghostware_core\ghostware\ayyware csgo\release\window.obj
e:\code\ghostware_core\ghostware\ayyware csgo\release\vc140.pdb
e:\code\ghostware_core\ghostware\release\apocalypse.dll
e:\code\ghostware_core\ghostware\release\apocalypse.pdb
e:\code\ghostware_core\ghostware\ayyware csgo\release\apocalypse.tlog\apocalypse.write.1u.tlog
e:\code\ghostware_core\ghostware\ayyware csgo\release\apocalypse.tlog\cl.command.1.tlog
e:\code\ghostware_core\ghostware\ayyware csgo\release\apocalypse.tlog\cl.read.1.tlog
e:\code\ghostware_core\ghostware\ayyware csgo\release\apocalypse.tlog\cl.write.1.tlog
e:\code\ghostware_core\ghostware\ayyware csgo\release\apocalypse.tlog\link.command.1.tlog
e:\code\ghostware_core\ghostware\ayyware csgo\release\apocalypse.tlog\link.read.1.tlog
e:\code\ghostware_core\ghostware\ayyware csgo\release\apocalypse.tlog\link.write.1.tlog
